<acceptance-test-run title="Happy Path" name="Happy Path" description="" steps="4" successful="1" failures="0" errors="1" skipped="2" ignored="0" pending="0" annotated-result="ERROR" result="ERROR" duration="36265" timestamp="2017-09-13T03:47:24.700-04:00" session-id="a31fb871bcbeeb35df498d00d2bf144a">
  <user-story id="bugtracker-app" name="BugTracker App" path="BugTrackerApp/ApExBugTracker.feature"/>
  <tags>
    <tag name="Bug tracker app" type="epic"/>
    <tag name="Bug tracker app/Bug tracker app" type="feature"/>
    <tag name="BugTracker App" type="feature"/>
  </tags>
  <test-group name="Given User navigate to Simple Web Sheet Login Page" result="ERROR">
    <test-step result="SUCCESS" duration="33963">
      <screenshots>
        <screenshot image="0401afeb9be6a324fdaea39549fd44b8.png"/>
      </screenshots>
      <description>Open log in page</description>
    </test-step>
    <test-step result="ERROR" duration="1172">
      <screenshots>
        <screenshot image="28e85b00f92e801645f2b46119d302b2.png"/>
        <screenshot image="28e85b00f92e801645f2b46119d302b2.png" source="pagesource3148743569948748360.html.txt"/>
      </screenshots>
      <description>Perform log in: net.serenity.bdd.junit.cucumber.model.DataGenerator@7100dea</description>
      <error>org.openqa.selenium.WebDriverException: unknown error: keys should be a string
  (Session info: chrome=60.0.3112.113)
  (Driver info: chromedriver=2.30.477700 (0057494ad8732195794a7b32078424f92a5fce41),platform=Windows NT 10.0.15063 x86_64) (WARNING: The server did not provide any stacktrace information)
Command duration or timeout: 52 milliseconds
Build info: version: &apos;2.53.0&apos;, revision: &apos;35ae25b1534ae328c771e0856c93e187490ca824&apos;, time: &apos;2016-03-15 10:43:46&apos;
System info: host: &apos;SHAJIB&apos;, ip: &apos;192.168.171.1&apos;, os.name: &apos;Windows 10&apos;, os.arch: &apos;amd64&apos;, os.version: &apos;10.0&apos;, java.version: &apos;1.8.0_121&apos;
Driver info: org.openqa.selenium.chrome.ChromeDriver
Capabilities [{applicationCacheEnabled=false, rotatable=false, mobileEmulationEnabled=false, networkConnectionEnabled=false, chrome={chromedriverVersion=2.30.477700 (0057494ad8732195794a7b32078424f92a5fce41), userDataDir=C:\Users\Moklasur\AppData\Local\Temp\scoped_dir11784_16884}, takesHeapSnapshot=true, pageLoadStrategy=normal, databaseEnabled=false, handlesAlerts=true, hasTouchScreen=false, version=60.0.3112.113, platform=XP, browserConnectionEnabled=false, nativeEvents=true, acceptSslCerts=true, locationContextEnabled=true, webStorageEnabled=true, browserName=chrome, takesScreenshot=true, javascriptEnabled=true, cssSelectorsEnabled=true, unexpectedAlertBehaviour=}]
Session ID: a31fb871bcbeeb35df498d00d2bf144a</error>
      <exception>org.openqa.selenium.WebDriverException:unknown error: keys should be a string
  (Session info: chrome=60.0.3112.113)
  (Driver info: chromedriver=2.30.477700 (0057494ad8732195794a7b32078424f92a5fce41),platform=Windows NT 10.0.15063 x86_64) (WARNING: The server did not provide any stacktrace information)
Command duration or timeout: 52 milliseconds
Build info: version: &apos;2.53.0&apos;, revision: &apos;35ae25b1534ae328c771e0856c93e187490ca824&apos;, time: &apos;2016-03-15 10:43:46&apos;
System info: host: &apos;SHAJIB&apos;, ip: &apos;192.168.171.1&apos;, os.name: &apos;Windows 10&apos;, os.arch: &apos;amd64&apos;, os.version: &apos;10.0&apos;, java.version: &apos;1.8.0_121&apos;
Driver info: org.openqa.selenium.chrome.ChromeDriver
Capabilities [{applicationCacheEnabled=false, rotatable=false, mobileEmulationEnabled=false, networkConnectionEnabled=false, chrome={chromedriverVersion=2.30.477700 (0057494ad8732195794a7b32078424f92a5fce41), userDataDir=C:\Users\Moklasur\AppData\Local\Temp\scoped_dir11784_16884}, takesHeapSnapshot=true, pageLoadStrategy=normal, databaseEnabled=false, handlesAlerts=true, hasTouchScreen=false, version=60.0.3112.113, platform=XP, browserConnectionEnabled=false, nativeEvents=true, acceptSslCerts=true, locationContextEnabled=true, webStorageEnabled=true, browserName=chrome, takesScreenshot=true, javascriptEnabled=true, cssSelectorsEnabled=true, unexpectedAlertBehaviour=}]
Session ID: a31fb871bcbeeb35df498d00d2bf144a&#xd;
[net.serenity.bdd.junit.cucumber.pages.LoginPage.performLogIn(LoginPage.java:23), net.serenity.bdd.junit.cucumber.steps.LoginTestSteps.performLogIn(LoginTestSteps.java:17), net.serenity.bdd.junit.cucumber.stepDef.WebSheetStepDef.user_navigate_to_Simple_Web_Sheet_Login_Page(WebSheetStepDef.java:23)]</exception>
    </test-step>
  </test-group>
  <test-step result="SKIPPED" duration="0">
    <description>When User Sing In with Valid &quot;&lt;userName&gt;&quot; and valid &quot;&lt;password&gt;&quot;</description>
  </test-step>
  <test-step result="SKIPPED" duration="0">
    <description>Then User do some administrative work on Dashbord</description>
  </test-step>
</acceptance-test-run>